[INFO] start_time=2026-03-24 15:39:44
[INFO] script=run_3dcnn_baseline_v2.sh
[INFO] sdf_dir=/opt/data/private/moffusion/autofusion/data/resolution_32
[INFO] property_csv=/opt/data/private/moffusion/data/properties/250k_pld_processed.csv
[INFO] output_dir=/opt/data/private/moffusion/sdf_pore_correlation_repo/baseline_runs/3dcnn_pld_lcd_v2_small
[INFO] limit=5000 epochs=80 batch_size=16 lr=8e-4 patience=12 device=cuda
epoch=1 train_loss=0.253718 val_loss=0.388643 lr=8.000000e-04
epoch=2 train_loss=0.206129 val_loss=0.204927 lr=8.000000e-04
epoch=3 train_loss=0.181031 val_loss=0.106480 lr=8.000000e-04
epoch=4 train_loss=0.161533 val_loss=0.115235 lr=8.000000e-04
epoch=5 train_loss=0.161391 val_loss=0.226417 lr=8.000000e-04
epoch=6 train_loss=0.148448 val_loss=0.109793 lr=8.000000e-04
epoch=7 train_loss=0.139263 val_loss=0.141159 lr=8.000000e-04
epoch=8 train_loss=0.132015 val_loss=0.106112 lr=8.000000e-04
epoch=9 train_loss=0.131513 val_loss=0.092902 lr=8.000000e-04
epoch=10 train_loss=0.124693 val_loss=0.092893 lr=8.000000e-04
epoch=11 train_loss=0.124428 val_loss=0.090055 lr=8.000000e-04
epoch=12 train_loss=0.126308 val_loss=0.099442 lr=8.000000e-04
epoch=13 train_loss=0.115871 val_loss=0.081015 lr=8.000000e-04
epoch=14 train_loss=0.117255 val_loss=0.084827 lr=8.000000e-04
epoch=15 train_loss=0.109457 val_loss=0.079922 lr=8.000000e-04
epoch=16 train_loss=0.102108 val_loss=0.077639 lr=8.000000e-04
epoch=17 train_loss=0.097258 val_loss=0.080398 lr=8.000000e-04
epoch=18 train_loss=0.094510 val_loss=0.103546 lr=8.000000e-04
epoch=19 train_loss=0.087783 val_loss=0.075210 lr=8.000000e-04
epoch=20 train_loss=0.091676 val_loss=0.082707 lr=8.000000e-04
epoch=21 train_loss=0.087598 val_loss=0.081460 lr=8.000000e-04
epoch=22 train_loss=0.086702 val_loss=0.076645 lr=8.000000e-04
epoch=23 train_loss=0.082459 val_loss=0.071735 lr=8.000000e-04
epoch=24 train_loss=0.082598 val_loss=0.068032 lr=8.000000e-04
epoch=25 train_loss=0.080785 val_loss=0.086506 lr=8.000000e-04
epoch=26 train_loss=0.080566 val_loss=0.070026 lr=8.000000e-04
epoch=27 train_loss=0.082000 val_loss=0.070561 lr=8.000000e-04
epoch=28 train_loss=0.076739 val_loss=0.065627 lr=8.000000e-04
epoch=29 train_loss=0.076214 val_loss=0.064545 lr=8.000000e-04
epoch=30 train_loss=0.076364 val_loss=0.072660 lr=8.000000e-04
epoch=31 train_loss=0.070092 val_loss=0.068499 lr=8.000000e-04
epoch=32 train_loss=0.072470 val_loss=0.076924 lr=8.000000e-04
epoch=33 train_loss=0.075449 val_loss=0.080658 lr=8.000000e-04
epoch=34 train_loss=0.069298 val_loss=0.065925 lr=8.000000e-04
epoch=35 train_loss=0.062572 val_loss=0.061385 lr=4.000000e-04
epoch=36 train_loss=0.058449 val_loss=0.062039 lr=4.000000e-04
epoch=37 train_loss=0.061345 val_loss=0.062329 lr=4.000000e-04
epoch=38 train_loss=0.057379 val_loss=0.060846 lr=4.000000e-04
epoch=39 train_loss=0.056545 val_loss=0.064607 lr=4.000000e-04
epoch=40 train_loss=0.057638 val_loss=0.060782 lr=4.000000e-04
epoch=41 train_loss=0.056972 val_loss=0.064761 lr=4.000000e-04
epoch=42 train_loss=0.055438 val_loss=0.059797 lr=4.000000e-04
epoch=43 train_loss=0.056573 val_loss=0.058684 lr=4.000000e-04
epoch=44 train_loss=0.052487 val_loss=0.072989 lr=4.000000e-04
epoch=45 train_loss=0.053489 val_loss=0.060278 lr=4.000000e-04
epoch=46 train_loss=0.052468 val_loss=0.058810 lr=4.000000e-04
epoch=47 train_loss=0.053152 val_loss=0.064279 lr=4.000000e-04
epoch=48 train_loss=0.052272 val_loss=0.056063 lr=4.000000e-04
epoch=49 train_loss=0.052712 val_loss=0.064297 lr=4.000000e-04
epoch=50 train_loss=0.051101 val_loss=0.066391 lr=4.000000e-04
epoch=51 train_loss=0.049480 val_loss=0.059841 lr=4.000000e-04
epoch=52 train_loss=0.050898 val_loss=0.060782 lr=4.000000e-04
epoch=53 train_loss=0.046579 val_loss=0.060894 lr=4.000000e-04
epoch=54 train_loss=0.044047 val_loss=0.060952 lr=2.000000e-04
epoch=55 train_loss=0.045047 val_loss=0.060514 lr=2.000000e-04
epoch=56 train_loss=0.043419 val_loss=0.055177 lr=2.000000e-04
epoch=57 train_loss=0.043059 val_loss=0.060175 lr=2.000000e-04
epoch=58 train_loss=0.043685 val_loss=0.056849 lr=2.000000e-04
epoch=59 train_loss=0.042293 val_loss=0.064298 lr=2.000000e-04
epoch=60 train_loss=0.041187 val_loss=0.061663 lr=2.000000e-04
epoch=61 train_loss=0.041248 val_loss=0.060311 lr=2.000000e-04
epoch=62 train_loss=0.040039 val_loss=0.056678 lr=1.000000e-04
epoch=63 train_loss=0.038587 val_loss=0.057046 lr=1.000000e-04
epoch=64 train_loss=0.038414 val_loss=0.059283 lr=1.000000e-04
epoch=65 train_loss=0.038694 val_loss=0.061136 lr=1.000000e-04
epoch=66 train_loss=0.037706 val_loss=0.056197 lr=1.000000e-04
epoch=67 train_loss=0.036899 val_loss=0.058100 lr=5.000000e-05
epoch=68 train_loss=0.035520 val_loss=0.057298 lr=5.000000e-05
early_stop epoch=68 best_epoch=56 best_val=0.055177
best_epoch=56 best_val=0.055177
target       mae      rmse        r2  spearman
   PLD  0.339602  0.442359  0.935905  0.961017
   LCD  0.477442  0.630193  0.955978  0.968835
[INFO] end_time=2026-03-24 16:16:13
