[INFO] start_time=2026-03-24 11:15:13
[INFO] script=run_graph_baseline.sh
[INFO] cif_dir=/opt/data/private/moffusion/250k_cif
[INFO] property_csv=/opt/data/private/moffusion/data/properties/250k_pld_processed.csv
[INFO] output_dir=/opt/data/private/moffusion/sdf_pore_correlation_repo/baseline_runs/graph_pld_lcd
[INFO] limit=3000 epochs=40 batch_size=8 lr=1e-3 cutoff=4.5 device=cuda
epoch=1 train_loss=0.884098 val_loss=0.899878
epoch=2 train_loss=0.805889 val_loss=0.943704
epoch=3 train_loss=0.775731 val_loss=0.722489
epoch=4 train_loss=0.752013 val_loss=0.723909
epoch=5 train_loss=0.739916 val_loss=0.730698
epoch=6 train_loss=0.758669 val_loss=0.880785
epoch=7 train_loss=0.733857 val_loss=0.711755
epoch=8 train_loss=0.735396 val_loss=0.683567
epoch=9 train_loss=0.737201 val_loss=0.702290
epoch=10 train_loss=0.729560 val_loss=0.692442
epoch=11 train_loss=0.698582 val_loss=0.702096
epoch=12 train_loss=0.712863 val_loss=0.702350
epoch=13 train_loss=0.696449 val_loss=0.669629
epoch=14 train_loss=0.686188 val_loss=0.664996
epoch=15 train_loss=0.679359 val_loss=0.652719
epoch=16 train_loss=0.689797 val_loss=0.663563
epoch=17 train_loss=0.688698 val_loss=0.673605
epoch=18 train_loss=0.678630 val_loss=0.690428
epoch=19 train_loss=0.694430 val_loss=0.643438
epoch=20 train_loss=0.679326 val_loss=0.644272
epoch=21 train_loss=0.672113 val_loss=0.679554
epoch=22 train_loss=0.691349 val_loss=0.864983
epoch=23 train_loss=0.699827 val_loss=0.666587
epoch=24 train_loss=0.672911 val_loss=0.668863
epoch=25 train_loss=0.653784 val_loss=0.665679
epoch=26 train_loss=0.644441 val_loss=0.655408
epoch=27 train_loss=0.660481 val_loss=0.651987
epoch=28 train_loss=0.670105 val_loss=0.633953
epoch=29 train_loss=0.656156 val_loss=0.687150
epoch=30 train_loss=0.659499 val_loss=0.705733
epoch=31 train_loss=0.651315 val_loss=0.678411
epoch=32 train_loss=0.639446 val_loss=0.662494
epoch=33 train_loss=0.648607 val_loss=0.673408
epoch=34 train_loss=0.641099 val_loss=0.705723
epoch=35 train_loss=0.632973 val_loss=0.691274
epoch=36 train_loss=0.628537 val_loss=0.672307
epoch=37 train_loss=0.635604 val_loss=0.712756
epoch=38 train_loss=0.646426 val_loss=0.709467
epoch=39 train_loss=0.622458 val_loss=0.666352
epoch=40 train_loss=0.627447 val_loss=0.715184
target       mae      rmse        r2  spearman
   PLD  5.091480  6.823149  0.282329  0.626079
   LCD  4.987388  6.665052  0.350261  0.642590
[INFO] end_time=2026-03-24 11:59:04
